Using pre-set license
Built from '2020.3/staging' branch; Version is '2020.3.3f1 (76626098c1c4) revision 7758432'; Using compiler version '192528614'; Build Type 'Release'
OS: 'Windows 10 Home; OS build 19043.1110; Version 2009; 64bit' Language: 'en' Physical Memory: 32641 MB
BatchMode: 1, IsHumanControllingUs: 0, StartBugReporterOnCrash: 0, Is64bit: 1, IsPro: 0

 COMMAND LINE ARGUMENTS:
C:\Program Files\Unity\Editor\Unity.exe
-adb2
-batchMode
-noUpm
-name
AssetImportWorker0
-projectPath
C:/Users/inbiodroid01/Documents/dev/KineVIVE
-logFile
Logs/AssetImportWorker0.log
-srvPort
50999
Successfully changed project path to: C:/Users/inbiodroid01/Documents/dev/KineVIVE
C:/Users/inbiodroid01/Documents/dev/KineVIVE
Using Asset Import Pipeline V2.
Refreshing native plugins compatible for Editor in 37.87 ms, found 4 plugins.
Preloading 0 native plugins for Editor in 0.00 ms.
Initialize engine version: 2020.3.3f1 (76626098c1c4)
[Subsystems] Discovering subsystems at path C:/Program Files/Unity/Editor/Data/Resources/UnitySubsystems
[Subsystems] Discovering subsystems at path C:/Users/inbiodroid01/Documents/dev/KineVIVE/Assets
GfxDevice: creating device client; threaded=0
Direct3D:
    Version:  Direct3D 11.0 [level 11.1]
    Renderer: NVIDIA GeForce RTX 3080 Laptop GPU (ID=0x249c)
    Vendor:   
    VRAM:     8041 MB
    Driver:   27.21.14.6275
Initialize mono
Mono path[0] = 'C:/Program Files/Unity/Editor/Data/Managed'
Mono path[1] = 'C:/Program Files/Unity/Editor/Data/MonoBleedingEdge/lib/mono/unityjit'
Mono config path = 'C:/Program Files/Unity/Editor/Data/MonoBleedingEdge/etc'
Using monoOptions --debugger-agent=transport=dt_socket,embedding=1,server=y,suspend=n,address=127.0.0.1:56884
Begin MonoManager ReloadAssembly
Registering precompiled unity dll's ...
Register platform support module: C:/Program Files/Unity/Editor/Data/PlaybackEngines/WindowsStandaloneSupport/UnityEditor.WindowsStandalone.Extensions.dll
Registered in 0.001285 seconds.
Native extension for WindowsStandalone target not found
Refreshing native plugins compatible for Editor in 37.28 ms, found 4 plugins.
Preloading 0 native plugins for Editor in 0.00 ms.
Invoked RoslynAnalysisRunner static constructor.
RoslynAnalysisRunner will not be running.
RoslynAnalysisRunner has terminated.
Mono: successfully reloaded assembly
- Completed reload, in  0.835 seconds
Platform modules already initialized, skipping
Registering precompiled user dll's ...
Registered in 0.002235 seconds.
Begin MonoManager ReloadAssembly
Native extension for WindowsStandalone target not found
Refreshing native plugins compatible for Editor in 0.45 ms, found 4 plugins.
Preloading 0 native plugins for Editor in 0.00 ms.
Invoked RoslynAnalysisRunner static constructor.
RoslynAnalysisRunner will not be running.
RoslynAnalysisRunner has terminated.
Mono: successfully reloaded assembly
- Completed reload, in  0.849 seconds
Platform modules already initialized, skipping
========================================================================
Worker process is ready to serve import requests
Launched and connected shader compiler UnityShaderCompiler.exe after 0.04 seconds
Refreshing native plugins compatible for Editor in 0.53 ms, found 4 plugins.
Preloading 0 native plugins for Editor in 0.00 ms.
Unloading 1751 Unused Serialized files (Serialized files now loaded: 0)
System memory in use before: 81.8 MB.
System memory in use after: 81.8 MB.

Unloading 18 unused Assets to reduce memory usage. Loaded Objects now: 2195.
Total: 2.492800 ms (FindLiveObjects: 0.451700 ms CreateObjectMapping: 0.144900 ms MarkObjects: 1.766800 ms  DeleteObjects: 0.128200 ms)

========================================================================
Received Import Request.
  path: Assets/localPosRight.cs
  artifactKey: Guid(c57321b5d404fea468d045391964785b) Importer(815301076,1909f56bfc062723c751e8b465ee728b)
Start importing Assets/localPosRight.cs using Guid(c57321b5d404fea468d045391964785b) Importer(815301076,1909f56bfc062723c751e8b465ee728b)  -> (artifact id: '36bf3dd66a461319964e1342423fdd7c') in 0.017952 seconds
  Import took 0.020683 seconds .

========================================================================
Received Import Request.
  Time since last request: 13.252888 seconds.
  path: Assets/localRot.cs
  artifactKey: Guid(ca3e0dd99ce5dc54e953beea80dc41c6) Importer(815301076,1909f56bfc062723c751e8b465ee728b)
Start importing Assets/localRot.cs using Guid(ca3e0dd99ce5dc54e953beea80dc41c6) Importer(815301076,1909f56bfc062723c751e8b465ee728b)  -> (artifact id: 'c577c47c6e70d2b500fa7a6d4131b861') in 0.013778 seconds
  Import took 0.020768 seconds .

========================================================================
Received Import Request.
  Time since last request: 5.572952 seconds.
  path: Assets/UDPReceive.cs
  artifactKey: Guid(81b07c0d765560d4b93ab8aa0575516a) Importer(815301076,1909f56bfc062723c751e8b465ee728b)
Start importing Assets/UDPReceive.cs using Guid(81b07c0d765560d4b93ab8aa0575516a) Importer(815301076,1909f56bfc062723c751e8b465ee728b)  -> (artifact id: '1ea1c13df7300e50e9ddf8f7eb45a531') in 0.002711 seconds
  Import took 0.007032 seconds .

========================================================================
Received Import Request.
  Time since last request: 2.337616 seconds.
  path: Assets/sampling.cs
  artifactKey: Guid(6462deadd20bf0d408f5139b0e0a69aa) Importer(815301076,1909f56bfc062723c751e8b465ee728b)
Start importing Assets/sampling.cs using Guid(6462deadd20bf0d408f5139b0e0a69aa) Importer(815301076,1909f56bfc062723c751e8b465ee728b)  -> (artifact id: 'd605386cb7561564e22f752a538eefbf') in 0.002442 seconds
  Import took 0.005697 seconds .

========================================================================
Received Import Request.
  Time since last request: 35.558979 seconds.
  path: Assets/testReceivedString.cs
  artifactKey: Guid(93450abc18cf2604ebfe43ff36f059cd) Importer(815301076,1909f56bfc062723c751e8b465ee728b)
Start importing Assets/testReceivedString.cs using Guid(93450abc18cf2604ebfe43ff36f059cd) Importer(815301076,1909f56bfc062723c751e8b465ee728b)  -> (artifact id: 'dcb78e6870ac64d0ba3a7c3fbd436643') in 0.010107 seconds
  Import took 0.013425 seconds .

AssetImportWorkerClient::OnTransportError - code=2 error=End of file
